# JRE version: OpenJDK Runtime Environment Temurin-21.0.3+9 (21.0.3+9) (build 21.0.3+9-LTS)
# Java VM: OpenJDK 64-Bit Server VM Temurin-21.0.3+9 (21.0.3+9-LTS, mixed mode, emulated-client, tiered, compressed oops, compressed class ptrs, g1 gc, windows-amd64)
GC Precious Log:
 CardTable entry size: 512
 Card Set container configuration: InlinePtr #cards 4 size 8 Array Of Cards #cards 16 size 48 Howl #buckets 8 coarsen threshold 3686 Howl Bitmap #cards 512 size 80 coarsen threshold 460 Card regions per heap region 1 cards per card region 4096
 CPUs: 4 total, 4 available
 Memory: 12179M
 Large Page Support: Disabled
 NUMA Support: Disabled
 Compressed Oops: Enabled (Zero based)
 Heap Region Size: 2M
 Heap Min Capacity: 8M
 Heap Initial Capacity: 192M
 Heap Max Capacity: 3046M
 Pre-touch: Disabled
 Parallel Workers: 4
 Concurrent Workers: 1
 Concurrent Refinement Workers: 4
 Periodic GC: Disabled
Heap:
 garbage-first heap   total 96256K, used 54031K [0x0000000741a00000, 0x0000000800000000)
  region size 2048K, 6 young (12288K), 2 survivors (4096K)
 Metaspace       used 99275K, committed 100224K, reserved 1179648K
  class space    used 13094K, committed 13504K, reserved 1048576K
GC Heap History (20 events):
Event: 11787.844 GC heap before
{Heap before GC invocations=275 (full 10):
 garbage-first heap   total 96256K, used 82630K [0x0000000741a00000, 0x0000000800000000)
  region size 2048K, 22 young (45056K), 2 survivors (4096K)
 Metaspace       used 98436K, committed 99264K, reserved 1179648K
  class space    used 13045K, committed 13440K, reserved 1048576K
}
Event: 11787.853 GC heap after
{Heap after GC invocations=276 (full 10):
 garbage-first heap   total 96256K, used 44462K [0x0000000741a00000, 0x0000000800000000)
  region size 2048K, 2 young (4096K), 2 survivors (4096K)
 Metaspace       used 98436K, committed 99264K, reserved 1179648K
  class space    used 13045K, committed 13440K, reserved 1048576K
}
Event: 11804.464 GC heap before
{Heap before GC invocations=276 (full 10):
 garbage-first heap   total 96256K, used 83374K [0x0000000741a00000, 0x0000000800000000)
  region size 2048K, 21 young (43008K), 2 survivors (4096K)
 Metaspace       used 98501K, committed 99328K, reserved 1179648K
  class space    used 13050K, committed 13440K, reserved 1048576K
}
Event: 11804.474 GC heap after
{Heap after GC invocations=277 (full 10):
 garbage-first heap   total 96256K, used 46569K [0x0000000741a00000, 0x0000000800000000)
  region size 2048K, 3 young (6144K), 3 survivors (6144K)
 Metaspace       used 98501K, committed 99328K, reserved 1179648K
  class space    used 13050K, committed 13440K, reserved 1048576K
}
Event: 11813.278 GC heap before
{Heap before GC invocations=277 (full 10):
 garbage-first heap   total 96256K, used 54761K [0x0000000741a00000, 0x0000000800000000)
  region size 2048K, 8 young (16384K), 3 survivors (6144K)
 Metaspace       used 98578K, committed 99520K, reserved 1179648K
  class space    used 13051K, committed 13440K, reserved 1048576K
}
Event: 11813.423 GC heap after
{Heap after GC invocations=278 (full 11):
 garbage-first heap   total 96256K, used 37816K [0x0000000741a00000, 0x0000000800000000)
  region size 2048K, 0 young (0K), 0 survivors (0K)
 Metaspace       used 98473K, committed 99520K, reserved 1179648K
  class space    used 13023K, committed 13440K, reserved 1048576K
}
Event: 11814.737 GC heap before
{Heap before GC invocations=278 (full 11):
 garbage-first heap   total 96256K, used 80824K [0x0000000741a00000, 0x0000000800000000)
  region size 2048K, 22 young (45056K), 0 survivors (0K)
 Metaspace       used 98753K, committed 99648K, reserved 1179648K
  class space    used 13059K, committed 13440K, reserved 1048576K
}
Event: 11814.743 GC heap after
{Heap after GC invocations=279 (full 11):
 garbage-first heap   total 96256K, used 41813K [0x0000000741a00000, 0x0000000800000000)
  region size 2048K, 2 young (4096K), 2 survivors (4096K)
 Metaspace       used 98753K, committed 99648K, reserved 1179648K
  class space    used 13059K, committed 13440K, reserved 1048576K
}
Event: 11816.440 GC heap before
{Heap before GC invocations=280 (full 11):
 garbage-first heap   total 96256K, used 80725K [0x0000000741a00000, 0x0000000800000000)
  region size 2048K, 22 young (45056K), 2 survivors (4096K)
 Metaspace       used 99206K, committed 100096K, reserved 1179648K
  class space    used 13098K, committed 13504K, reserved 1048576K
}
Event: 11816.449 GC heap after
{Heap after GC invocations=281 (full 11):
 garbage-first heap   total 96256K, used 44410K [0x0000000741a00000, 0x0000000800000000)
  region size 2048K, 2 young (4096K), 2 survivors (4096K)
 Metaspace       used 99206K, committed 100096K, reserved 1179648K
  class space    used 13098K, committed 13504K, reserved 1048576K
}
Event: 11829.013 GC heap before
{Heap before GC invocations=281 (full 11):
 garbage-first heap   total 96256K, used 81274K [0x0000000741a00000, 0x0000000800000000)
  region size 2048K, 20 young (40960K), 2 survivors (4096K)
 Metaspace       used 99345K, committed 100224K, reserved 1179648K
  class space    used 13116K, committed 13504K, reserved 1048576K
}
Event: 11829.023 GC heap after
{Heap after GC invocations=282 (full 11):
 garbage-first heap   total 96256K, used 47031K [0x0000000741a00000, 0x0000000800000000)
  region size 2048K, 3 young (6144K), 3 survivors (6144K)
 Metaspace       used 99345K, committed 100224K, reserved 1179648K
  class space    used 13116K, committed 13504K, reserved 1048576K
}
Event: 11862.620 GC heap before
{Heap before GC invocations=282 (full 11):
 garbage-first heap   total 96256K, used 79799K [0x0000000741a00000, 0x0000000800000000)
  region size 2048K, 20 young (40960K), 3 survivors (6144K)
 Metaspace       used 99351K, committed 100224K, reserved 1179648K
  class space    used 13118K, committed 13504K, reserved 1048576K
}
Event: 11862.630 GC heap after
{Heap after GC invocations=283 (full 11):
 garbage-first heap   total 96256K, used 49187K [0x0000000741a00000, 0x0000000800000000)
  region size 2048K, 3 young (6144K), 3 survivors (6144K)
 Metaspace       used 99351K, committed 100224K, reserved 1179648K
  class space    used 13118K, committed 13504K, reserved 1048576K
}
Event: 11900.244 GC heap before
{Heap before GC invocations=284 (full 11):
 garbage-first heap   total 96256K, used 79907K [0x0000000741a00000, 0x0000000800000000)
  region size 2048K, 18 young (36864K), 3 survivors (6144K)
 Metaspace       used 99305K, committed 100224K, reserved 1179648K
  class space    used 13109K, committed 13504K, reserved 1048576K
}
Event: 11900.250 GC heap after
{Heap after GC invocations=285 (full 11):
 garbage-first heap   total 96256K, used 49523K [0x0000000741a00000, 0x0000000800000000)
  region size 2048K, 2 young (4096K), 2 survivors (4096K)
 Metaspace       used 99305K, committed 100224K, reserved 1179648K
  class space    used 13109K, committed 13504K, reserved 1048576K
}
Event: 11940.733 GC heap before
{Heap before GC invocations=285 (full 11):
 garbage-first heap   total 96256K, used 82291K [0x0000000741a00000, 0x0000000800000000)
  region size 2048K, 18 young (36864K), 2 survivors (4096K)
 Metaspace       used 99305K, committed 100224K, reserved 1179648K
  class space    used 13109K, committed 13504K, reserved 1048576K
}
Event: 11940.738 GC heap after
{Heap after GC invocations=286 (full 11):
 garbage-first heap   total 96256K, used 47869K [0x0000000741a00000, 0x0000000800000000)
  region size 2048K, 2 young (4096K), 2 survivors (4096K)
 Metaspace       used 99305K, committed 100224K, reserved 1179648K
  class space    used 13109K, committed 13504K, reserved 1048576K
}
Event: 11983.437 GC heap before
{Heap before GC invocations=286 (full 11):
 garbage-first heap   total 96256K, used 82685K [0x0000000741a00000, 0x0000000800000000)
  region size 2048K, 19 young (38912K), 2 survivors (4096K)
 Metaspace       used 99314K, committed 100224K, reserved 1179648K
  class space    used 13111K, committed 13504K, reserved 1048576K
}
Event: 11983.440 GC heap after
{Heap after GC invocations=287 (full 11):
 garbage-first heap   total 96256K, used 47887K [0x0000000741a00000, 0x0000000800000000)
  region size 2048K, 2 young (4096K), 2 survivors (4096K)
 Metaspace       used 99314K, committed 100224K, reserved 1179648K
  class space    used 13111K, committed 13504K, reserved 1048576K
}

