# JRE version: OpenJDK Runtime Environment Temurin-21.0.3+9 (21.0.3+9) (build 21.0.3+9-LTS)
# Java VM: OpenJDK 64-Bit Server VM Temurin-21.0.3+9 (21.0.3+9-LTS, mixed mode, emulated-client, tiered, compressed oops, compressed class ptrs, g1 gc, windows-amd64)
GC Precious Log:
 CardTable entry size: 512
 Card Set container configuration: InlinePtr #cards 4 size 8 Array Of Cards #cards 16 size 48 Howl #buckets 8 coarsen threshold 3686 Howl Bitmap #cards 512 size 80 coarsen threshold 460 Card regions per heap region 1 cards per card region 4096
 CPUs: 4 total, 4 available
 Memory: 12179M
 Large Page Support: Disabled
 NUMA Support: Disabled
 Compressed Oops: Enabled (Zero based)
 Heap Region Size: 2M
 Heap Min Capacity: 8M
 Heap Initial Capacity: 192M
 Heap Max Capacity: 3046M
 Pre-touch: Disabled
 Parallel Workers: 4
 Concurrent Workers: 1
 Concurrent Refinement Workers: 4
 Periodic GC: Disabled
Heap:
 garbage-first heap   total 102400K, used 45557K [0x0000000741a00000, 0x0000000800000000)
  region size 2048K, 5 young (10240K), 2 survivors (4096K)
 Metaspace       used 86402K, committed 87168K, reserved 1179648K
  class space    used 11694K, committed 12032K, reserved 1048576K
GC Heap History (20 events):
Event: 9.437 GC heap after
{Heap after GC invocations=18 (full 0):
 garbage-first heap   total 83968K, used 23937K [0x0000000741a00000, 0x0000000800000000)
  region size 2048K, 3 young (6144K), 3 survivors (6144K)
 Metaspace       used 56384K, committed 56960K, reserved 1114112K
  class space    used 7116K, committed 7424K, reserved 1048576K
}
Event: 9.801 GC heap before
{Heap before GC invocations=18 (full 0):
 garbage-first heap   total 83968K, used 48513K [0x0000000741a00000, 0x0000000800000000)
  region size 2048K, 17 young (34816K), 3 survivors (6144K)
 Metaspace       used 59717K, committed 60288K, reserved 1114112K
  class space    used 7631K, committed 7936K, reserved 1048576K
}
Event: 9.809 GC heap after
{Heap after GC invocations=19 (full 0):
 garbage-first heap   total 83968K, used 24771K [0x0000000741a00000, 0x0000000800000000)
  region size 2048K, 2 young (4096K), 2 survivors (4096K)
 Metaspace       used 59717K, committed 60288K, reserved 1114112K
  class space    used 7631K, committed 7936K, reserved 1048576K
}
Event: 10.533 GC heap before
{Heap before GC invocations=20 (full 0):
 garbage-first heap   total 83968K, used 69827K [0x0000000741a00000, 0x0000000800000000)
  region size 2048K, 24 young (49152K), 2 survivors (4096K)
 Metaspace       used 63183K, committed 63808K, reserved 1114112K
  class space    used 8299K, committed 8576K, reserved 1048576K
}
Event: 10.540 GC heap after
{Heap after GC invocations=21 (full 0):
 garbage-first heap   total 83968K, used 25677K [0x0000000741a00000, 0x0000000800000000)
  region size 2048K, 2 young (4096K), 2 survivors (4096K)
 Metaspace       used 63183K, committed 63808K, reserved 1114112K
  class space    used 8299K, committed 8576K, reserved 1048576K
}
Event: 11.078 GC heap before
{Heap before GC invocations=21 (full 0):
 garbage-first heap   total 83968K, used 68685K [0x0000000741a00000, 0x0000000800000000)
  region size 2048K, 24 young (49152K), 2 survivors (4096K)
 Metaspace       used 67500K, committed 68096K, reserved 1114112K
  class space    used 8872K, committed 9152K, reserved 1048576K
}
Event: 11.088 GC heap after
{Heap after GC invocations=22 (full 0):
 garbage-first heap   total 83968K, used 26685K [0x0000000741a00000, 0x0000000800000000)
  region size 2048K, 3 young (6144K), 3 survivors (6144K)
 Metaspace       used 67500K, committed 68096K, reserved 1114112K
  class space    used 8872K, committed 9152K, reserved 1048576K
}
Event: 11.695 GC heap before
{Heap before GC invocations=22 (full 0):
 garbage-first heap   total 83968K, used 67645K [0x0000000741a00000, 0x0000000800000000)
  region size 2048K, 24 young (49152K), 3 survivors (6144K)
 Metaspace       used 70791K, committed 71488K, reserved 1114112K
  class space    used 9405K, committed 9728K, reserved 1048576K
}
Event: 11.705 GC heap after
{Heap after GC invocations=23 (full 0):
 garbage-first heap   total 102400K, used 29038K [0x0000000741a00000, 0x0000000800000000)
  region size 2048K, 3 young (6144K), 3 survivors (6144K)
 Metaspace       used 70791K, committed 71488K, reserved 1114112K
  class space    used 9405K, committed 9728K, reserved 1048576K
}
Event: 12.336 GC heap before
{Heap before GC invocations=23 (full 0):
 garbage-first heap   total 102400K, used 82286K [0x0000000741a00000, 0x0000000800000000)
  region size 2048K, 30 young (61440K), 3 survivors (6144K)
 Metaspace       used 75531K, committed 76224K, reserved 1179648K
  class space    used 10184K, committed 10496K, reserved 1048576K
}
Event: 12.349 GC heap after
{Heap after GC invocations=24 (full 0):
 garbage-first heap   total 102400K, used 30966K [0x0000000741a00000, 0x0000000800000000)
  region size 2048K, 3 young (6144K), 3 survivors (6144K)
 Metaspace       used 75531K, committed 76224K, reserved 1179648K
  class space    used 10184K, committed 10496K, reserved 1048576K
}
Event: 13.176 GC heap before
{Heap before GC invocations=24 (full 0):
 garbage-first heap   total 102400K, used 86262K [0x0000000741a00000, 0x0000000800000000)
  region size 2048K, 30 young (61440K), 3 survivors (6144K)
 Metaspace       used 79695K, committed 80384K, reserved 1179648K
  class space    used 10797K, committed 11136K, reserved 1048576K
}
Event: 13.190 GC heap after
{Heap after GC invocations=25 (full 0):
 garbage-first heap   total 102400K, used 33979K [0x0000000741a00000, 0x0000000800000000)
  region size 2048K, 4 young (8192K), 4 survivors (8192K)
 Metaspace       used 79695K, committed 80384K, reserved 1179648K
  class space    used 10797K, committed 11136K, reserved 1048576K
}
Event: 25.529 GC heap before
{Heap before GC invocations=25 (full 0):
 garbage-first heap   total 102400K, used 85179K [0x0000000741a00000, 0x0000000800000000)
  region size 2048K, 29 young (59392K), 4 survivors (8192K)
 Metaspace       used 83403K, committed 84224K, reserved 1179648K
  class space    used 11327K, committed 11712K, reserved 1048576K
}
Event: 25.544 GC heap after
{Heap after GC invocations=26 (full 0):
 garbage-first heap   total 102400K, used 36423K [0x0000000741a00000, 0x0000000800000000)
  region size 2048K, 3 young (6144K), 3 survivors (6144K)
 Metaspace       used 83403K, committed 84224K, reserved 1179648K
  class space    used 11327K, committed 11712K, reserved 1048576K
}
Event: 105.962 GC heap before
{Heap before GC invocations=26 (full 0):
 garbage-first heap   total 102400K, used 85575K [0x0000000741a00000, 0x0000000800000000)
  region size 2048K, 28 young (57344K), 3 survivors (6144K)
 Metaspace       used 86296K, committed 87040K, reserved 1179648K
  class space    used 11672K, committed 12032K, reserved 1048576K
}
Event: 105.976 GC heap after
{Heap after GC invocations=27 (full 0):
 garbage-first heap   total 102400K, used 39482K [0x0000000741a00000, 0x0000000800000000)
  region size 2048K, 3 young (6144K), 3 survivors (6144K)
 Metaspace       used 86296K, committed 87040K, reserved 1179648K
  class space    used 11672K, committed 12032K, reserved 1048576K
}
Event: 404.772 GC heap before
{Heap before GC invocations=27 (full 0):
 garbage-first heap   total 102400K, used 88634K [0x0000000741a00000, 0x0000000800000000)
  region size 2048K, 27 young (55296K), 3 survivors (6144K)
 Metaspace       used 86297K, committed 87040K, reserved 1179648K
  class space    used 11672K, committed 12032K, reserved 1048576K
}
Event: 404.783 GC heap after
{Heap after GC invocations=28 (full 0):
 garbage-first heap   total 102400K, used 39787K [0x0000000741a00000, 0x0000000800000000)
  region size 2048K, 2 young (4096K), 2 survivors (4096K)
 Metaspace       used 86297K, committed 87040K, reserved 1179648K
  class space    used 11672K, committed 12032K, reserved 1048576K
}
Event: 428.427 GC heap before
{Heap before GC invocations=28 (full 0):
 garbage-first heap   total 102400K, used 43883K [0x0000000741a00000, 0x0000000800000000)
  region size 2048K, 5 young (10240K), 2 survivors (4096K)
 Metaspace       used 86402K, committed 87168K, reserved 1179648K
  class space    used 11694K, committed 12032K, reserved 1048576K
}

