# JRE version: OpenJDK Runtime Environment Temurin-21.0.3+9 (21.0.3+9) (build 21.0.3+9-LTS)
# Java VM: OpenJDK 64-Bit Server VM Temurin-21.0.3+9 (21.0.3+9-LTS, mixed mode, emulated-client, tiered, compressed oops, compressed class ptrs, g1 gc, windows-amd64)
GC Precious Log:
 CardTable entry size: 512
 Card Set container configuration: InlinePtr #cards 4 size 8 Array Of Cards #cards 16 size 48 Howl #buckets 8 coarsen threshold 3686 Howl Bitmap #cards 512 size 80 coarsen threshold 460 Card regions per heap region 1 cards per card region 4096
 CPUs: 4 total, 4 available
 Memory: 12179M
 Large Page Support: Disabled
 NUMA Support: Disabled
 Compressed Oops: Enabled (Zero based)
 Heap Region Size: 2M
 Heap Min Capacity: 8M
 Heap Initial Capacity: 192M
 Heap Max Capacity: 3046M
 Pre-touch: Disabled
 Parallel Workers: 4
 Concurrent Workers: 1
 Concurrent Refinement Workers: 4
 Periodic GC: Disabled
Heap:
 garbage-first heap   total 104448K, used 45830K [0x0000000741a00000, 0x0000000800000000)
  region size 2048K, 5 young (10240K), 1 survivors (2048K)
 Metaspace       used 87139K, committed 87872K, reserved 1179648K
  class space    used 11807K, committed 12160K, reserved 1048576K
GC Heap History (20 events):
Event: 17.514 GC heap after
{Heap after GC invocations=24 (full 0):
 garbage-first heap   total 102400K, used 32933K [0x0000000741a00000, 0x0000000800000000)
  region size 2048K, 4 young (8192K), 4 survivors (8192K)
 Metaspace       used 78913K, committed 79616K, reserved 1179648K
  class space    used 10675K, committed 11008K, reserved 1048576K
}
Event: 40.284 GC heap before
{Heap before GC invocations=24 (full 0):
 garbage-first heap   total 102400K, used 86181K [0x0000000741a00000, 0x0000000800000000)
  region size 2048K, 30 young (61440K), 4 survivors (8192K)
 Metaspace       used 82487K, committed 83200K, reserved 1179648K
  class space    used 11192K, committed 11520K, reserved 1048576K
}
Event: 40.300 GC heap after
{Heap after GC invocations=25 (full 0):
 garbage-first heap   total 102400K, used 35483K [0x0000000741a00000, 0x0000000800000000)
  region size 2048K, 4 young (8192K), 4 survivors (8192K)
 Metaspace       used 82487K, committed 83200K, reserved 1179648K
  class space    used 11192K, committed 11520K, reserved 1048576K
}
Event: 52.114 GC heap before
{Heap before GC invocations=25 (full 0):
 garbage-first heap   total 102400K, used 86683K [0x0000000741a00000, 0x0000000800000000)
  region size 2048K, 29 young (59392K), 4 survivors (8192K)
 Metaspace       used 86310K, committed 87040K, reserved 1179648K
  class space    used 11680K, committed 12032K, reserved 1048576K
}
Event: 52.138 GC heap after
{Heap after GC invocations=26 (full 0):
 garbage-first heap   total 102400K, used 39265K [0x0000000741a00000, 0x0000000800000000)
  region size 2048K, 4 young (8192K), 4 survivors (8192K)
 Metaspace       used 86310K, committed 87040K, reserved 1179648K
  class space    used 11680K, committed 12032K, reserved 1048576K
}
Event: 146.293 GC heap before
{Heap before GC invocations=26 (full 0):
 garbage-first heap   total 102400K, used 57697K [0x0000000741a00000, 0x0000000800000000)
  region size 2048K, 14 young (28672K), 4 survivors (8192K)
 Metaspace       used 86317K, committed 87040K, reserved 1179648K
  class space    used 11681K, committed 12032K, reserved 1048576K
}
Event: 146.302 GC heap after
{Heap after GC invocations=27 (full 0):
 garbage-first heap   total 102400K, used 39247K [0x0000000741a00000, 0x0000000800000000)
  region size 2048K, 2 young (4096K), 2 survivors (4096K)
 Metaspace       used 86317K, committed 87040K, reserved 1179648K
  class space    used 11681K, committed 12032K, reserved 1048576K
}
Event: 310.744 GC heap before
{Heap before GC invocations=28 (full 0):
 garbage-first heap   total 102400K, used 69967K [0x0000000741a00000, 0x0000000800000000)
  region size 2048K, 18 young (36864K), 2 survivors (4096K)
 Metaspace       used 86068K, committed 87104K, reserved 1179648K
  class space    used 11630K, committed 12032K, reserved 1048576K
}
Event: 310.846 GC heap after
{Heap after GC invocations=29 (full 1):
 garbage-first heap   total 102400K, used 27443K [0x0000000741a00000, 0x0000000800000000)
  region size 2048K, 0 young (0K), 0 survivors (0K)
 Metaspace       used 86013K, committed 87104K, reserved 1179648K
  class space    used 11616K, committed 12032K, reserved 1048576K
}
Event: 371.163 GC heap before
{Heap before GC invocations=29 (full 1):
 garbage-first heap   total 102400K, used 88883K [0x0000000741a00000, 0x0000000800000000)
  region size 2048K, 30 young (61440K), 0 survivors (0K)
 Metaspace       used 86575K, committed 87232K, reserved 1179648K
  class space    used 11741K, committed 12032K, reserved 1048576K
}
Event: 371.171 GC heap after
{Heap after GC invocations=30 (full 1):
 garbage-first heap   total 102400K, used 32743K [0x0000000741a00000, 0x0000000800000000)
  region size 2048K, 3 young (6144K), 3 survivors (6144K)
 Metaspace       used 86575K, committed 87232K, reserved 1179648K
  class space    used 11741K, committed 12032K, reserved 1048576K
}
Event: 373.896 GC heap before
{Heap before GC invocations=30 (full 1):
 garbage-first heap   total 102400K, used 85991K [0x0000000741a00000, 0x0000000800000000)
  region size 2048K, 29 young (59392K), 3 survivors (6144K)
 Metaspace       used 87100K, committed 87872K, reserved 1179648K
  class space    used 11800K, committed 12160K, reserved 1048576K
}
Event: 373.912 GC heap after
{Heap after GC invocations=31 (full 1):
 garbage-first heap   total 104448K, used 39091K [0x0000000741a00000, 0x0000000800000000)
  region size 2048K, 4 young (8192K), 4 survivors (8192K)
 Metaspace       used 87100K, committed 87872K, reserved 1179648K
  class space    used 11800K, committed 12160K, reserved 1048576K
}
Event: 495.296 GC heap before
{Heap before GC invocations=31 (full 1):
 garbage-first heap   total 104448K, used 82099K [0x0000000741a00000, 0x0000000800000000)
  region size 2048K, 25 young (51200K), 4 survivors (8192K)
 Metaspace       used 87133K, committed 87872K, reserved 1179648K
  class space    used 11806K, committed 12160K, reserved 1048576K
}
Event: 495.305 GC heap after
{Heap after GC invocations=32 (full 1):
 garbage-first heap   total 104448K, used 39884K [0x0000000741a00000, 0x0000000800000000)
  region size 2048K, 1 young (2048K), 1 survivors (2048K)
 Metaspace       used 87133K, committed 87872K, reserved 1179648K
  class space    used 11806K, committed 12160K, reserved 1048576K
}
Event: 645.987 GC heap before
{Heap before GC invocations=32 (full 1):
 garbage-first heap   total 104448K, used 89036K [0x0000000741a00000, 0x0000000800000000)
  region size 2048K, 25 young (51200K), 1 survivors (2048K)
 Metaspace       used 87133K, committed 87872K, reserved 1179648K
  class space    used 11806K, committed 12160K, reserved 1048576K
}
Event: 645.989 GC heap after
{Heap after GC invocations=33 (full 1):
 garbage-first heap   total 104448K, used 39025K [0x0000000741a00000, 0x0000000800000000)
  region size 2048K, 1 young (2048K), 1 survivors (2048K)
 Metaspace       used 87133K, committed 87872K, reserved 1179648K
  class space    used 11806K, committed 12160K, reserved 1048576K
}
Event: 797.498 GC heap before
{Heap before GC invocations=33 (full 1):
 garbage-first heap   total 104448K, used 88177K [0x0000000741a00000, 0x0000000800000000)
  region size 2048K, 25 young (51200K), 1 survivors (2048K)
 Metaspace       used 87133K, committed 87872K, reserved 1179648K
  class space    used 11806K, committed 12160K, reserved 1048576K
}
Event: 797.500 GC heap after
{Heap after GC invocations=34 (full 1):
 garbage-first heap   total 104448K, used 38892K [0x0000000741a00000, 0x0000000800000000)
  region size 2048K, 1 young (2048K), 1 survivors (2048K)
 Metaspace       used 87133K, committed 87872K, reserved 1179648K
  class space    used 11806K, committed 12160K, reserved 1048576K
}
Event: 814.170 GC heap before
{Heap before GC invocations=34 (full 1):
 garbage-first heap   total 104448K, used 45036K [0x0000000741a00000, 0x0000000800000000)
  region size 2048K, 5 young (10240K), 1 survivors (2048K)
 Metaspace       used 87139K, committed 87872K, reserved 1179648K
  class space    used 11807K, committed 12160K, reserved 1048576K
}

